<?xml version="1.0" encoding="UTF-8"?>
<!-- Generated by org.testng.reporters.JUnitXMLReporter -->
<testsuite hostname="LAPTOP-DL1C7Q1N" ignored="0" name="Test" tests="5" failures="0" timestamp="2020-09-23T20:28:56 IST" time="0.07" errors="0">
  <testcase name="multiply" time="0.006" classname="Test1.TestCase1"/>
  <testcase name="sub" time="0.0" classname="Test1.TestCase1"/>
  <testcase name="sum" time="0.0" classname="Test1.TestCase1"/>
  <testcase name="StrMethod" time="0.001" classname="Test1.TestCase2"/>
  <testcase name="divide" time="0.0" classname="Test1.TestCase2"/>
</testsuite> <!-- Test -->
