<?xml version="1.0" encoding="UTF-8"?>
<testng-results skipped="0" failed="0" ignored="0" total="5" passed="5">
  <reporter-output>
  </reporter-output>
  <suite name="Suite" duration-ms="70" started-at="2020-09-23T20:28:56 IST" finished-at="2020-09-23T20:28:56 IST">
    <groups>
    </groups>
    <test name="Test" duration-ms="70" started-at="2020-09-23T20:28:56 IST" finished-at="2020-09-23T20:28:56 IST">
      <class name="Test1.TestCase1">
        <test-method status="PASS" signature="multiply()[pri:0, instance:Test1.TestCase1@4b952a2d]" name="multiply" duration-ms="6" started-at="2020-09-23T20:28:56 IST" finished-at="2020-09-23T20:28:56 IST">
          <reporter-output>
          </reporter-output>
        </test-method> <!-- multiply -->
        <test-method status="PASS" signature="sub()[pri:0, instance:Test1.TestCase1@4b952a2d]" name="sub" duration-ms="0" started-at="2020-09-23T20:28:56 IST" finished-at="2020-09-23T20:28:56 IST">
          <reporter-output>
          </reporter-output>
        </test-method> <!-- sub -->
        <test-method status="PASS" signature="sum()[pri:0, instance:Test1.TestCase1@4b952a2d]" name="sum" duration-ms="0" started-at="2020-09-23T20:28:56 IST" finished-at="2020-09-23T20:28:56 IST">
          <reporter-output>
          </reporter-output>
        </test-method> <!-- sum -->
      </class> <!-- Test1.TestCase1 -->
      <class name="Test1.TestCase2">
        <test-method status="PASS" signature="StrMethod()[pri:0, instance:Test1.TestCase2@3159c4b8]" name="StrMethod" duration-ms="1" started-at="2020-09-23T20:28:56 IST" finished-at="2020-09-23T20:28:56 IST">
          <reporter-output>
          </reporter-output>
        </test-method> <!-- StrMethod -->
        <test-method status="PASS" signature="divide()[pri:0, instance:Test1.TestCase2@3159c4b8]" name="divide" duration-ms="0" started-at="2020-09-23T20:28:56 IST" finished-at="2020-09-23T20:28:56 IST">
          <reporter-output>
          </reporter-output>
        </test-method> <!-- divide -->
      </class> <!-- Test1.TestCase2 -->
    </test> <!-- Test -->
  </suite> <!-- Suite -->
</testng-results>
