<?xml version="1.0" encoding="UTF-8"?>
<testng-results skipped="0" failed="0" ignored="0" total="3" passed="3">
  <reporter-output>
  </reporter-output>
  <suite name="Default suite" duration-ms="80" started-at="2020-09-23T20:17:29 IST" finished-at="2020-09-23T20:17:29 IST">
    <groups>
    </groups>
    <test name="Default test" duration-ms="80" started-at="2020-09-23T20:17:29 IST" finished-at="2020-09-23T20:17:29 IST">
      <class name="Test1.TestCase1">
        <test-method status="PASS" signature="multiply()[pri:0, instance:Test1.TestCase1@30b8a058]" name="multiply" duration-ms="12" started-at="2020-09-23T20:17:29 IST" finished-at="2020-09-23T20:17:29 IST">
          <reporter-output>
          </reporter-output>
        </test-method> <!-- multiply -->
        <test-method status="PASS" signature="sub()[pri:0, instance:Test1.TestCase1@30b8a058]" name="sub" duration-ms="2" started-at="2020-09-23T20:17:29 IST" finished-at="2020-09-23T20:17:29 IST">
          <reporter-output>
          </reporter-output>
        </test-method> <!-- sub -->
        <test-method status="PASS" signature="sum()[pri:0, instance:Test1.TestCase1@30b8a058]" name="sum" duration-ms="2" started-at="2020-09-23T20:17:29 IST" finished-at="2020-09-23T20:17:29 IST">
          <reporter-output>
          </reporter-output>
        </test-method> <!-- sum -->
      </class> <!-- Test1.TestCase1 -->
    </test> <!-- Default test -->
  </suite> <!-- Default suite -->
</testng-results>
